<?xml version="1.0" encoding="UTF-8"?>
<testsuite name="ShoppingCartTest" tests="1" skipped="0" failures="0" errors="0" timestamp="2020-04-20T05:59:13" hostname="kumuds-MacBook-Pro.local" time="0.01">
  <properties/>
  <testcase name="shouldReturnTotalPriceWithSalesTaxWhenMultipleProductAdded" classname="ShoppingCartTest" time="0.01"/>
  <system-out><![CDATA[]]></system-out>
  <system-err><![CDATA[]]></system-err>
</testsuite>
