<?xml version="1.0" encoding="UTF-8"?>
<testsuite name="ShoppingCartTest" tests="1" skipped="0" failures="0" errors="0" timestamp="2020-04-20T04:30:03" hostname="kumuds-MacBook-Pro.local" time="0.007">
  <properties/>
  <testcase name="shouldReturnTotalPriceWhenMultipleProductAdded" classname="ShoppingCartTest" time="0.007"/>
  <system-out><![CDATA[]]></system-out>
  <system-err><![CDATA[]]></system-err>
</testsuite>
