<?xml version="1.0" encoding="UTF-8"?>
<testsuite name="ShoppingCartTest" tests="1" skipped="0" failures="0" errors="0" timestamp="2020-04-23T06:04:34" hostname="kumuds-MacBook-Pro.local" time="0.009">
  <properties/>
  <testcase name="shouldReturnTotalPriceToSupportMoreOfferWhenMultipleProductAdded" classname="ShoppingCartTest" time="0.009"/>
  <system-out><![CDATA[]]></system-out>
  <system-err><![CDATA[]]></system-err>
</testsuite>
