<?xml version="1.0" encoding="UTF-8"?>
<testsuite name="CartTest" tests="5" skipped="0" failures="0" errors="0" timestamp="2020-04-26T14:04:18" hostname="kumuds-MacBook-Pro.local" time="0.167">
  <properties/>
  <testcase name="shouldReturnTotalPriceToSupportOfferWhenMultipleProductAdded" classname="CartTest" time="0.156"/>
  <testcase name="shouldReturnZeroCartSizeWhenAListOfProductEmpty" classname="CartTest" time="0.0"/>
  <testcase name="shouldReturnTotalPriceAndSalesTaxWhenMultipleProductAdded" classname="CartTest" time="0.003"/>
  <testcase name="shouldHaveContentAndTotalWhenSingleProductIsAdded" classname="CartTest" time="0.002"/>
  <testcase name="shouldReturnTotalPriceToSupportCartOfferWhenMultipleProductAdded" classname="CartTest" time="0.004"/>
  <system-out><![CDATA[]]></system-out>
  <system-err><![CDATA[]]></system-err>
</testsuite>
