<?xml version="1.0" encoding="UTF-8"?>
<testsuite name="CartTest" tests="6" skipped="0" failures="0" errors="0" timestamp="2020-04-26T14:54:34" hostname="kumuds-MacBook-Pro.local" time="0.063">
  <properties/>
  <testcase name="shouldReturnTotalPriceToSupportOfferWhenMultipleProductAdded" classname="CartTest" time="0.057"/>
  <testcase name="shouldReturnZeroCartSizeWhenAListOfProductEmpty" classname="CartTest" time="0.001"/>
  <testcase name="shouldReturnTotalPriceAndSalesTaxWhenMultipleProductAdded" classname="CartTest" time="0.002"/>
  <testcase name="shouldThrowCustomExceptionWhenANullProductEntered" classname="CartTest" time="0.0"/>
  <testcase name="shouldHaveContentAndTotalWhenSingleProductIsAdded" classname="CartTest" time="0.001"/>
  <testcase name="shouldReturnTotalPriceToSupportCartOfferWhenMultipleProductAdded" classname="CartTest" time="0.001"/>
  <system-out><![CDATA[]]></system-out>
  <system-err><![CDATA[]]></system-err>
</testsuite>
