<?xml version="1.0" encoding="UTF-8"?>
<testsuite name="ShoppingCartTest" tests="1" skipped="0" failures="0" errors="0" timestamp="2020-04-21T05:52:37" hostname="kumuds-MacBook-Pro.local" time="0.005">
  <properties/>
  <testcase name="shouldThrowCustomExceptionWhenAListOfProductEmpty" classname="ShoppingCartTest" time="0.005"/>
  <system-out><![CDATA[aaaaaaa
]]></system-out>
  <system-err><![CDATA[]]></system-err>
</testsuite>
