<?xml version="1.0" encoding="UTF-8"?>
<testsuite name="CartTest" tests="7" skipped="0" failures="0" errors="0" timestamp="2020-04-29T10:18:19" hostname="kumuds-MacBook-Pro.local" time="0.113">
  <properties/>
  <testcase name="shouldReturnTotalPriceToSupportOfferWhenMultipleProductAdded" classname="CartTest" time="0.101"/>
  <testcase name="shouldReturnTotalPriceToSupportCartOfferWhenMultipleProductAddedOneByOne" classname="CartTest" time="0.005"/>
  <testcase name="shouldReturnZeroCartSizeWhenAListOfProductEmpty" classname="CartTest" time="0.0"/>
  <testcase name="shouldThrowCustomExceptionWhenNullProductEntered" classname="CartTest" time="0.0"/>
  <testcase name="shouldReturnTotalPriceAndSalesTaxWhenMultipleProductAdded" classname="CartTest" time="0.002"/>
  <testcase name="shouldHaveContentAndTotalWhenSingleProductIsAdded" classname="CartTest" time="0.001"/>
  <testcase name="shouldReturnTotalPriceToSupportCartOfferWhenMultipleProductAdded" classname="CartTest" time="0.002"/>
  <system-out><![CDATA[]]></system-out>
  <system-err><![CDATA[]]></system-err>
</testsuite>
