<?xml version="1.0" encoding="UTF-8"?>
<testsuite name="ShoppingCartTest" tests="2" skipped="0" failures="0" errors="0" timestamp="2020-04-21T05:45:42" hostname="kumuds-MacBook-Pro.local" time="0.008">
  <properties/>
  <testcase name="shouldReturnTrueWhenASingleProductAdded" classname="ShoppingCartTest" time="0.003"/>
  <testcase name="shouldReturnTotalPriceWhenASingleProductAdded" classname="ShoppingCartTest" time="0.005"/>
  <system-out><![CDATA[]]></system-out>
  <system-err><![CDATA[]]></system-err>
</testsuite>
