<?xml version="1.0" encoding="UTF-8"?>
<testsuite name="CartTest" tests="1" skipped="0" failures="0" errors="0" timestamp="2020-05-21T05:12:37" hostname="kumuds-MacBook-Pro.local" time="0.042">
  <properties/>
  <testcase name="shouldReturnTotalPriceToSupportCartOfferWhenMultipleProductAdded" classname="CartTest" time="0.042"/>
  <system-out><![CDATA[]]></system-out>
  <system-err><![CDATA[]]></system-err>
</testsuite>
