<?xml version="1.0" encoding="UTF-8"?>
<testsuite name="ShoppingCartTest" tests="1" skipped="0" failures="0" errors="0" timestamp="2020-04-21T07:22:21" hostname="kumuds-MacBook-Pro.local" time="0.008">
  <properties/>
  <testcase name="shouldReturnTotalPriceWithSalesTaxWhenMultipleProductAdded" classname="ShoppingCartTest" time="0.008"/>
  <system-out><![CDATA[]]></system-out>
  <system-err><![CDATA[]]></system-err>
</testsuite>
