<?xml version="1.0" encoding="UTF-8"?>
<testsuite name="CartTest" tests="7" skipped="0" failures="0" errors="0" timestamp="2020-04-26T15:01:38" hostname="kumuds-MacBook-Pro.local" time="0.119">
  <properties/>
  <testcase name="shouldThrowCustomExceptionWhenANullProductNameEntered" classname="CartTest" time="0.004"/>
  <testcase name="shouldReturnTotalPriceToSupportOfferWhenMultipleProductAdded" classname="CartTest" time="0.105"/>
  <testcase name="shouldReturnZeroCartSizeWhenAListOfProductEmpty" classname="CartTest" time="0.001"/>
  <testcase name="shouldReturnTotalPriceAndSalesTaxWhenMultipleProductAdded" classname="CartTest" time="0.002"/>
  <testcase name="shouldThrowCustomExceptionWhenANullProductEntered" classname="CartTest" time="0.001"/>
  <testcase name="shouldHaveContentAndTotalWhenSingleProductIsAdded" classname="CartTest" time="0.002"/>
  <testcase name="shouldReturnTotalPriceToSupportCartOfferWhenMultipleProductAdded" classname="CartTest" time="0.003"/>
  <system-out><![CDATA[]]></system-out>
  <system-err><![CDATA[]]></system-err>
</testsuite>
