<?xml version="1.0" encoding="UTF-8"?>
<testsuite name="ShoppingCartTest" tests="1" skipped="0" failures="0" errors="0" timestamp="2020-04-22T07:06:03" hostname="kumuds-MacBook-Pro.local" time="0.009">
  <properties/>
  <testcase name="shouldReturnTotalPriceToSupportOfferWhenMultipleProductAdded" classname="ShoppingCartTest" time="0.009"/>
  <system-out><![CDATA[]]></system-out>
  <system-err><![CDATA[]]></system-err>
</testsuite>
