<?xml version="1.0" encoding="UTF-8"?>
<testsuite name="ShoppingCartTest" tests="1" skipped="0" failures="0" errors="0" timestamp="2020-04-23T12:12:51" hostname="kumuds-MacBook-Pro.local" time="0.002">
  <properties/>
  <testcase name="shouldThrowCustomExceptionWhenAListOfProductEmpty" classname="ShoppingCartTest" time="0.002"/>
  <system-out><![CDATA[]]></system-out>
  <system-err><![CDATA[]]></system-err>
</testsuite>
